
 ****
 H       
 PQN=1 NValence=1 F0ss=0.4721553327 ZetaOverlap=1.1880780000 U=-0.4188110042
 Beta=-0.2268825074 CoreKO=1.0589197790 KON=0,0,0,1.0589197790 KON=1,0,1,1.0589197790
 KON=0,1,1,1.0589197790 KON=2,1,1,1.0589197790 EISol=-0.4188110042 EHeat=0.0830298228
 Alpha=1.5252601686
 GCore=0.0085277107,1.4001425905,2.2676713595
 GCore=0.0003534810,1.4001425905,3.4015070392
 GCore=-0.0012733648,0.5600570362,3.9684248791
 ****
 He      
 PQN=1
 ****
 Li      
 PQN=2,2 NValence=1 F0ss=0.2682700754 F0sp=0.1995488369 F0pp=0.1719868429 F2pp=0.0734986508
 G1sp=0.0915058202
 ZetaOverlap=0.7023800000,0.7023800000
 U=-0.1884505406,-0.1000206389
 Beta=-0.0496115893,-0.0496115893 DDN=0,1,2.0549782300 DDN=1,1,1.7437069000
 CoreKO=1.8636987637 KON=0,0,0,1.8636987637 KON=1,0,1,2.2028435626 KON=0,1,1,1.8636987637
 KON=2,1,1,1.9123521580 EISol=-0.1884505406 EHeat=0.0612102317 Alpha=0.6615455955
 DipHyp=4.1097200106
 ****
 Be      
 PQN=2,2 NValence=2 F0ss=0.3307439286 F0sp=0.2730474877 F0pp=0.2377681353 F2pp=0.1148416419
 G1sp=0.1411174095
 ZetaOverlap=1.0042100000,1.0042100000
 U=-0.6101261915,-0.3933563635
 Beta=-0.1476255681,-0.1476255681 DDN=0,1,1.4373245000 DDN=1,1,1.2196103000
 CoreKO=1.5116668939 KON=0,0,0,1.5116668939 KON=1,0,1,1.4898058545 KON=0,1,1,1.5116668939
 KON=2,1,1,1.2999259302 EISol=-0.8895084544 EHeat=0.1226435677 Alpha=0.8834264240
 DipHyp=2.8744836189
 ****
 B       
 PQN=2,2 NValence=3 F0ss=0.3891753560 F0sp=0.3513235508 F0pp=0.3010994728 F2pp=0.1531221892
 G1sp=0.1995488369
 ZetaOverlap=1.6117090000,1.5553850000
 U=-1.2675897035,-0.8316932765
 Beta=-0.3527609639,-0.2305563375 DDN=0,1,0.9107622000 DDN=1,1,0.7874223000
 CoreKO=1.2847027108 KON=0,0,0,1.2847027108 KON=1,0,1,0.9910504183 KON=0,1,1,1.2847027108
 KON=2,1,1,0.8804590220 EISol=-2.3415665049 EHeat=0.2162517169 Alpha=1.2948484743
 DipHyp=1.8214196061
 ****
 C       
 PQN=2,2 NValence=4 F0ss=0.4494442496 F0sp=0.4215147623 F0pp=0.3768030831 F2pp=0.1898715146
 G1sp=0.2679025821
 ZetaOverlap=1.8086650000,1.6851160000
 U=-1.9120180828,-1.4557965594
 Beta=-0.5775444233,-0.2836784428 DDN=0,1,0.8236736000 DDN=1,1,0.7268015000
 CoreKO=1.1124284736 KON=0,0,0,1.1124284736 KON=1,0,1,0.8219701441 KON=0,1,1,1.1124284736
 KON=2,1,1,0.7783928119 EISol=-4.4398989268 EHeat=0.2723305520 Alpha=1.4014062429
 DipHyp=1.6472524267
 GCore=0.0007885612,1.4001425905,3.0235618126
 GCore=0.0031892455,1.4001425905,3.4959933458
 GCore=-0.0013931594,1.4001425905,3.8739385724
 GCore=-0.0000875022,1.4001425905,5.0077742521
 ****
 N       
 PQN=2,2 NValence=5 F0ss=0.4994233321 F0sp=0.4652464595 F0pp=0.4429518688 F2pp=0.2128398429
 G1sp=0.3461786452
 ZetaOverlap=2.3154100000,2.1579400000
 U=-2.6408065231,-2.1008700363
 Beta=-0.7459785987,-0.6702586716 DDN=0,1,0.6433247000 DDN=1,1,0.5675528000
 CoreKO=1.0011038171 KON=0,0,0,1.0011038171 KON=1,0,1,0.6393175158 KON=0,1,1,1.0011038171
 KON=2,1,1,0.6342362236 EISol=-7.4383480104 EHeat=0.1800769640 Alpha=1.5596365784
 DipHyp=1.2865753779
 GCore=0.0017535850,1.4001425905,2.8345891993
 GCore=0.0020106747,1.4001425905,3.9684248791
 GCore=-0.0004032044,0.5600570362,4.5353427189
 ****
 O       
 PQN=2,2 NValence=6 F0ss=0.5666745976 F0sp=0.5321302318 F0pp=0.4958708974 F2pp=0.2358081713
 G1sp=0.4343770262
 ZetaOverlap=3.1080320000,2.5240390000
 U=-3.5951865036,-2.8760896690
 Beta=-1.0757546603,-1.0757546603 DDN=0,1,0.4988896000 DDN=1,1,0.4852322000
 CoreKO=0.8822957477 KON=0,0,0,0.8822957477 KON=1,0,1,0.5019543089 KON=0,1,1,0.8822957477
 KON=2,1,1,0.5515584117 EISol=-11.6164441184 EHeat=0.0949133088 Alpha=2.3576807890
 DipHyp=0.9977217969
 GCore=0.0195117322,1.4001425905,1.6023328031
 GCore=0.0056550009,1.9601996266,2.7307884326
 ****
 F       
 PQN=2,2 NValence=7 F0ss=0.6217985857 F0sp=0.6339258631 F0pp=0.5699820369 F2pp=0.2756199405
 G1sp=0.5324977250
 ZetaOverlap=3.7700820000,2.4946700000
 U=-5.0017882111,-3.8546325148
 Beta=-2.5573957340,-1.0261278935 DDN=0,1,0.4145203000 DDN=1,1,0.4909446000
 CoreKO=0.8040780264 KON=0,0,0,0.8040780264 KON=1,0,1,0.4136062561 KON=0,1,1,0.8040780264
 KON=2,1,1,0.5291366448 EISol=-17.7238535707 EHeat=0.0301031314 Alpha=2.9198940016
 DipHyp=0.8289929046
 GCore=0.0168114571,1.3441368868,1.7574453036
 GCore=0.0002504923,1.2881311832,3.1369453806
 ****
 Ne      
 PQN=2,2
 ****
 Na      
 PQN=3,3 NValence=1
 ****
 Mg      
 PQN=3,3 NValence=2 F0ss=0.2756685514 F0sp=0.2332081085 F0pp=0.1648291798 F2pp=0.0666344709
 G1sp=0.0539448485
 ZetaOverlap=1.2233927000,1.0203079800
 U=-0.5501224490,-0.4249064487
 Beta=-0.0462947256,-0.0286044269 DDN=0,1,1.7501211500 DDN=1,1,1.6400146700
 CoreKO=1.8136801322 KON=0,0,0,1.8136801322 KON=1,0,1,2.5053569542 KON=0,1,1,1.8136801322
 KON=2,1,1,1.8910632586 EISol=-0.8245763466 EHeat=0.0557760508 Alpha=0.8839894633
 DipHyp=3.5000409280
 GCore=0.1771000257,1.2024346859,1.5115843937
 GCore=-0.0003929305,0.8290353769,2.7873457248
 GCore=-0.0004238202,0.7320419243,4.5845519433
 ****
 Al      
 PQN=3,3 NValence=3 F0ss=0.2973020425 F0sp=0.2436480274 F0pp=0.2055512267 F2pp=0.0888108697
 G1sp=0.0771735833
 ZetaOverlap=1.5165930000,1.3063470000,1.0000000000
 U=-0.8949778198,-0.6748515656
 Beta=-0.1421030999,-0.0851535523 DDN=0,1,1.4040443000 DDN=1,1,1.2809154000
 CoreKO=1.6817055993 KON=0,0,0,1.6817055993 KON=1,0,1,1.9009751622 KON=0,1,1,1.6817055993
 KON=2,1,1,1.4586479151 EISol=-1.7059336356 EHeat=0.1266753793 Alpha=1.0459642620
 DipHyp=2.8079270482
 GCore=0.0062501545,3.4702374488,3.8746831245
 ****
 Si      
 PQN=3,3 NValence=4 F0ss=0.3608783754 F0sp=0.3072243603 F0pp=0.2497729150 F2pp=0.1179040856
 G1sp=0.1455273286
 ZetaOverlap=1.8306970000,1.2849530000,1.0000000000
 U=-1.2477727033,-1.0633325063
 Beta=-0.1390907577,-0.0723271925 DDN=0,1,1.1631107000 DDN=1,1,1.3022422000
 CoreKO=1.3854379938 KON=0,0,0,1.3854379938 KON=1,0,1,1.3055467721 KON=0,1,1,1.3854379938
 KON=2,1,1,1.3469442952 EISol=-2.9032607237 EHeat=0.1727304613 Alpha=1.1947847684
 DipHyp=2.3260875705
 GCore=0.0173615401,2.5202566628,1.7223965530
 GCore=0.0042718417,1.4001425905,3.7710788893
 GCore=0.0014437162,1.4001425905,5.6514338703
 ****
 P       
 PQN=3,3 NValence=5 F0ss=0.4248223853 F0sp=0.1924727176 F0pp=0.2755327833 F2pp=0.0872706136
 G1sp=0.0859094125
 ZetaOverlap=1.9812800000,1.8751500000,1.0000000000
 U=-1.5445691118,-1.2506055985
 Beta=-0.2334965407,-0.2422041096 DDN=0,1,1.0452022000 DDN=1,1,0.8923660000
 CoreKO=1.1769025807 KON=0,0,0,1.1769025807 KON=1,0,1,1.5265688625 KON=0,1,1,1.1769025807
 KON=2,1,1,1.1397689552 EISol=-4.5729697592 EHeat=0.1204284617 Alpha=1.2993004421
 DipHyp=2.0902841372
 GCore=-0.0022102630,1.6801711085,2.7860667014
 GCore=0.0012826706,1.9601996266,3.3624917535
 GCore=0.0023118627,2.5202566628,5.6816052377
 ****
 S       
 PQN=3,3 NValence=6 F0ss=0.4331396397 F0sp=0.3183640731 F0pp=0.3136271218 F2pp=0.3456917167
 G1sp=0.2791629797
 ZetaOverlap=2.3665150000,1.6672630000,1.0000000000
 U=-2.0834683120,-1.7903186861
 Beta=-0.1440781557,-0.2905136336 DDN=0,1,0.9004265000 DDN=1,1,1.0036329000
 CoreKO=1.1543033468 KON=0,0,0,1.1543033468 KON=1,0,1,0.8464368816 KON=0,1,1,1.1543033468
 KON=2,1,1,0.7746001785 EISol=-7.0460287497 EHeat=0.1058151363 Alpha=1.3026480172
 DipHyp=1.8007493954
 GCore=-0.0353616377,1.2863644833,1.4563457902
 GCore=-0.0008238398,1.6425719595,2.8408498620
 GCore=0.0008565489,3.7964407093,3.7967867236
 ****
 Cl      
 PQN=3,3 NValence=7 F0ss=0.5523423607 F0sp=0.4836211222 F0pp=0.3826829751 F2pp=0.2036525116
 G1sp=0.2668001024
 ZetaOverlap=3.6313760000,2.0767990000,1.0000000000
 U=-4.1017372939,-2.8164722306
 Beta=-0.9038375309,-0.5379078137 DDN=0,1,0.5406286000 DDN=1,1,0.8057208000
 CoreKO=0.9051895422 KON=0,0,0,0.9051895422 KON=1,0,1,0.6499246087 KON=0,1,1,0.9051895422
 KON=2,1,1,0.8152126507 EISol=-13.6780412532 EHeat=0.0461985061 Alpha=1.5448630091
 DipHyp=1.0811949943
 GCore=0.0065448145,1.1201140724,2.4566439728
 GCore=0.0018867133,1.1201140724,3.9684248791
 ****
 Ar      
 PQN=3,3
 ****
 K       
 PQN=4,4 NValence=1
 ****
 Ca      
 PQN=4,4 NValence=2
 ****
 Sc      
 PQN=4,4,3 NValence=3
 ****
 Ti      
 PQN=4,4,3 NValence=4
 ****
 V       
 PQN=4,4,3 NValence=5
 ****
 Cr      
 PQN=4,4,3 NValence=6 F0ss=0.2204959524 F0sp=0.1525097004 F0pp=0.1469973016
 F2pp=0.2296832837 G1sp=0.1102479762
 ZetaOverlap=1.5000000000,1.5000000000,2.8845490000
 U=-0.6437389252,-0.4606060855,-1.6215613372
 Beta=-0.0036749325,-0.0036749325,-0.3225354523 DDN=0,1,1.7320508000 DDN=1,1,1.4142136000
 DDN=0,2,0.6546097715 DDN=1,2,0.3615830081 DDN=2,2,0.4902719844 CoreKO=2.2674996553
 KON=0,0,0,2.2674996553 KON=1,0,1,1.8441120453 KON=0,1,1,2.2674996553 KON=2,1,1,1.1199071104
 EISol=-4.9544996569 EHeat=0.1513921378 Alpha=1.6236781334 DipHyp=3.4639023072
 ****
 Mn      
 PQN=4,4,3 NValence=7
 ****
 Co      
 PQN=4,4,3 NValence=9
 ****
 Ni      
 PQN=4,4,3 NValence=10
 ****
 Cu      
 PQN=4,4,3 NValence=11
 ****
 Zn      
 PQN=4,4 NValence=2 F0ss=0.4336420397 F0sp=0.4109316181 F0pp=0.4797139340 F2pp=0.0565755864
 G1sp=0.0534268308
 ZetaOverlap=1.9542990000,1.3723650000,1.0000000000
 U=-0.7732061004,-0.6488304340
 Beta=-0.0734041683,-0.1748576634 DDN=0,1,1.3581113000 DDN=1,1,1.5457406000
 CoreKO=1.1529660860 KON=0,0,0,1.1529660860 KON=1,0,1,2.1575689893 KON=0,1,1,1.1529660860
 KON=2,1,1,1.9075487426 EISol=-1.1127701610 EHeat=0.0496725572 Alpha=0.7855969043
 DipHyp=2.7160663333
 ****
 Ga      
 PQN=4,4 NValence=3
 ****
 Ge      
 PQN=4,4 NValence=4 F0ss=0.3736893740 F0sp=0.2993038885 F0pp=0.2353342765 F2pp=0.0615851320
 G1sp=0.1033126068
 ZetaOverlap=1.2196310000,1.9827940000,1.0000000000
 U=-1.2562348602,-1.0525304831
 Beta=-0.1601023683,-0.0364219257 DDN=0,1,1.2472095000 DDN=1,1,1.0698642000
 CoreKO=1.3379415609 KON=0,0,0,1.3379415609 KON=1,0,1,1.5721737818 KON=0,1,1,1.3379415609
 KON=2,1,1,1.4344683229 EISol=-2.8924835798 EHeat=0.1426273299 Alpha=1.1305368343
 DipHyp=2.4942754939
 ****
 As      
 PQN=4,4 NValence=5
 ****
 Se      
 PQN=4,4 NValence=6
 ****
 Br      
 PQN=4,4 NValence=7 F0ss=0.5525790080 F0sp=0.4790157850 F0pp=0.3795614433 F2pp=0.2177244254
 G1sp=0.2707545099
 ZetaOverlap=3.0641330000,2.0383330000,1.0000000000
 U=-3.8460397140,-2.7536288630
 Beta=-0.7129325028,-0.3291708737 DDN=0,1,0.8458104000 DDN=1,1,1.0407133000
 CoreKO=0.9048019832 KON=0,0,0,0.9048019832 KON=1,0,1,0.8299308933 KON=0,1,1,0.9048019832
 KON=2,1,1,0.9420533560 EISol=-12.9473094976 EHeat=0.0426129028 Alpha=1.3634494201
 DipHyp=1.6915234796
 GCore=0.0046310172,1.1201140724,2.8345891993
 GCore=0.0017755994,1.1201140724,4.3463701056
 ****
 Kr      
 PQN=4,4
 ****
 Rb      
 PQN=5,5 NValence=1
 ****
 Sr      
 PQN=5,5 NValence=2
 ****
 Y       
 PQN=5,5,4 NValence=3
 ****
 Zr      
 PQN=5,5,4 NValence=4
 ****
 Nb      
 PQN=5,5,4 NValence=5
 ****
 Mo      
 PQN=5,5,4 NValence=6
 ****
 Tc      
 PQN=5,5,4 NValence=7
 ****
 Ru      
 PQN=5,5,4 NValence=8
 ****
 Rh      
 PQN=5,5,4 NValence=9
 ****
 Pd      
 PQN=5,5,4 NValence=10
 ****
 Ag      
 PQN=5,5,4 NValence=11
 ****
 Cd      
 PQN=5,5,4 NValence=2
 ****
 Sn      
 PQN=5,5 NValence=4 F0ss=0.3601433889 F0sp=0.3050194008 F0pp=0.2486704352 F2pp=0.1224977513
 G1sp=0.1433223690
 ZetaOverlap=2.5993760000,1.6959620000,1.0000000000
 U=-1.3044812856,-1.0325691683
 Beta=-0.1188840677,-0.0947357184 DDN=0,1,1.1528229000 DDN=1,1,1.5148019000
 CoreKO=1.3882653264 KON=0,0,0,1.3882653264 KON=1,0,1,1.3076083190 KON=0,1,1,1.3882653264
 KON=2,1,1,1.4702617507 EISol=-2.9652572766 EHeat=0.1150580248 Alpha=0.9720646648
 DipHyp=2.3055131542
 ****
 Sb      
 PQN=5,5 NValence=5
 ****
 Te      
 PQN=5,5 NValence=6
 ****
 I       
 PQN=5,5 NValence=7 F0ss=0.5527263397 F0sp=0.4798196985 F0pp=0.3794486070 F2pp=0.1889057729
 G1sp=0.2708111443
 ZetaOverlap=2.1028580000,2.1611530000,1.0000000000
 U=-3.8068502334,-2.7352521791
 Beta=-0.3102865714,-0.2323808680 DDN=0,1,1.4878778000 DDN=1,1,1.1887388000
 CoreKO=0.9045608683 KON=0,0,0,0.9045608683 KON=1,0,1,1.1117230529 KON=0,1,1,0.9045608683
 KON=2,1,1,1.0794997598 EISol=-12.7470285039 EHeat=0.0406639282 Alpha=1.2168027737
 DipHyp=2.9755844022
 GCore=0.0003028547,0.6440655916,3.4015070392
 GCore=0.0010907214,0.8400855543,4.2329865377
 ****
 Xe      
 PQN=5,5 F0ss=0.3307439286 F0sp=0.4115924444 F0pp=0.3608783754 F2pp=0.2710262748
 G1sp=0.2645951429
 ZetaOverlap=2.2729610000,1.1694980000
 U=-3.6750447648,-2.5724527778
 Beta=-0.2724760724,-0.2277275214 DDN=0,1,1.0775919000 DDN=1,1,2.5794150000
 CoreKO=1.5116668939 KON=0,0,0,1.5116668939 KON=1,0,1,0.9547456300 KON=0,1,1,1.5116668939
 KON=2,1,1,1.4718336663 EISol=-7.0193456011 Alpha=1.1680634361 DipHyp=2.1550598104
 ****
 Pt      
 PQN=6,6,5 NValence=10
 ****
 Au      
 PQN=6,6,5 NValence=11
 ****
 Hg      
 PQN=6,6,5 NValence=2 F0ss=0.3968927143 F0sp=0.3417687262 F0pp=0.5059157130
 F2pp=0.1224977513 G1sp=0.1433223690
 ZetaOverlap=2.0364130000,1.9557660000,1.0000000000
 U=-0.7328395389,-0.4083169771
 Beta=-0.0333925318,-0.1804165501 DDN=0,1,1.8750829000 DDN=1,1,1.5424241000
 DDN=0,2,1.6848470075 DDN=1,2,1.2531731158 DDN=2,2,2.1712405934 CoreKO=1.2597222212
 KON=0,0,0,1.2597222212 KON=1,0,1,1.7084642444 KON=0,1,1,1.2597222212 KON=2,1,1,1.4878299970
 EISol=-1.0687863634 EHeat=0.0234100053 Alpha=0.7856873936 DipHyp=3.7499500497
 ****
 U       
 PQN=0,0,-1
 ****
 
 